{"/Users/nathannewyen/Desktop/projects/opgl/opgl-app-ui/src/App.tsx": {"path":"/Users/nathannewyen/Desktop/projects/opgl/opgl-app-ui/src/App.tsx","statementMap":{"0":{"start":{"line":12,"column":30},"end":{"line":12,"column":null}},"1":{"start":{"line":13,"column":28},"end":{"line":13,"column":null}},"2":{"start":{"line":14,"column":30},"end":{"line":14,"column":null}},"3":{"start":{"line":15,"column":28},"end":{"line":15,"column":null}},"4":{"start":{"line":18,"column":36},"end":{"line":18,"column":null}},"5":{"start":{"line":19,"column":46},"end":{"line":19,"column":null}},"6":{"start":{"line":22,"column":24},"end":{"line":22,"column":null}},"7":{"start":{"line":25,"column":23},"end":{"line":58,"column":null}},"8":{"start":{"line":26,"column":4},"end":{"line":26,"column":null}},"9":{"start":{"line":27,"column":4},"end":{"line":27,"column":null}},"10":{"start":{"line":28,"column":4},"end":{"line":28,"column":null}},"11":{"start":{"line":29,"column":4},"end":{"line":29,"column":null}},"12":{"start":{"line":31,"column":4},"end":{"line":57,"column":null}},"13":{"start":{"line":33,"column":27},"end":{"line":37,"column":null}},"14":{"start":{"line":39,"column":6},"end":{"line":39,"column":null}},"15":{"start":{"line":40,"column":6},"end":{"line":40,"column":null}},"16":{"start":{"line":41,"column":6},"end":{"line":41,"column":null}},"17":{"start":{"line":44,"column":6},"end":{"line":44,"column":null}},"18":{"start":{"line":45,"column":24},"end":{"line":49,"column":null}},"19":{"start":{"line":51,"column":6},"end":{"line":51,"column":null}},"20":{"start":{"line":53,"column":6},"end":{"line":53,"column":null}},"21":{"start":{"line":55,"column":6},"end":{"line":55,"column":null}},"22":{"start":{"line":56,"column":6},"end":{"line":56,"column":null}},"23":{"start":{"line":60,"column":2},"end":{"line":122,"column":null}}},"fnMap":{"0":{"name":"App","decl":{"start":{"line":10,"column":9},"end":{"line":10,"column":15}},"loc":{"start":{"line":10,"column":15},"end":{"line":124,"column":null}},"line":10},"1":{"name":"(anonymous_1)","decl":{"start":{"line":25,"column":23},"end":{"line":25,"column":30}},"loc":{"start":{"line":25,"column":102},"end":{"line":58,"column":null}},"line":25}},"branchMap":{"0":{"loc":{"start":{"line":53,"column":15},"end":{"line":53,"column":81}},"type":"cond-expr","locations":[{"start":{"line":53,"column":38},"end":{"line":53,"column":52}},{"start":{"line":53,"column":52},"end":{"line":53,"column":81}}],"line":53},"1":{"loc":{"start":{"line":80,"column":11},"end":{"line":84,"column":null}},"type":"binary-expr","locations":[{"start":{"line":80,"column":11},"end":{"line":80,"column":null}},{"start":{"line":81,"column":12},"end":{"line":84,"column":null}}],"line":80},"2":{"loc":{"start":{"line":88,"column":11},"end":{"line":91,"column":null}},"type":"binary-expr","locations":[{"start":{"line":88,"column":11},"end":{"line":88,"column":null}},{"start":{"line":89,"column":12},"end":{"line":91,"column":null}}],"line":88},"3":{"loc":{"start":{"line":95,"column":11},"end":{"line":102,"column":null}},"type":"binary-expr","locations":[{"start":{"line":95,"column":11},"end":{"line":95,"column":null}},{"start":{"line":96,"column":12},"end":{"line":102,"column":null}}],"line":95},"4":{"loc":{"start":{"line":106,"column":11},"end":{"line":110,"column":null}},"type":"binary-expr","locations":[{"start":{"line":106,"column":11},"end":{"line":106,"column":24}},{"start":{"line":106,"column":24},"end":{"line":106,"column":40}},{"start":{"line":106,"column":40},"end":{"line":106,"column":null}},{"start":{"line":107,"column":12},"end":{"line":110,"column":null}}],"line":106}},"s":{"0":32,"1":32,"2":32,"3":32,"4":32,"5":32,"6":32,"7":32,"8":9,"9":9,"10":9,"11":9,"12":9,"13":9,"14":4,"15":4,"16":4,"17":4,"18":4,"19":4,"20":4,"21":8,"22":8,"23":32},"f":{"0":32,"1":9},"b":{"0":[3,1],"1":[32,4],"2":[32,4],"3":[32,4],"4":[32,28,19,15]},"meta":{"lastBranch":5,"lastFunction":2,"lastStatement":24,"seen":{"f:10:9:10:15":0,"s:12:30:12:Infinity":0,"s:13:28:13:Infinity":1,"s:14:30:14:Infinity":2,"s:15:28:15:Infinity":3,"s:18:36:18:Infinity":4,"s:19:46:19:Infinity":5,"s:22:24:22:Infinity":6,"s:25:23:58:Infinity":7,"f:25:23:25:30":1,"s:26:4:26:Infinity":8,"s:27:4:27:Infinity":9,"s:28:4:28:Infinity":10,"s:29:4:29:Infinity":11,"s:31:4:57:Infinity":12,"s:33:27:37:Infinity":13,"s:39:6:39:Infinity":14,"s:40:6:40:Infinity":15,"s:41:6:41:Infinity":16,"s:44:6:44:Infinity":17,"s:45:24:49:Infinity":18,"s:51:6:51:Infinity":19,"s:53:6:53:Infinity":20,"b:53:38:53:52:53:52:53:81":0,"s:55:6:55:Infinity":21,"s:56:6:56:Infinity":22,"s:60:2:122:Infinity":23,"b:80:11:80:Infinity:81:12:84:Infinity":1,"b:88:11:88:Infinity:89:12:91:Infinity":2,"b:95:11:95:Infinity:96:12:102:Infinity":3,"b:106:11:106:24:106:24:106:40:106:40:106:Infinity:107:12:110:Infinity":4}}}
,"/Users/nathannewyen/Desktop/projects/opgl/opgl-app-ui/src/components/MatchCard.tsx": {"path":"/Users/nathannewyen/Desktop/projects/opgl/opgl-app-ui/src/components/MatchCard.tsx","statementMap":{"0":{"start":{"line":14,"column":24},"end":{"line":14,"column":null}},"1":{"start":{"line":15,"column":26},"end":{"line":15,"column":null}},"2":{"start":{"line":19,"column":18},"end":{"line":19,"column":null}},"3":{"start":{"line":20,"column":27},"end":{"line":20,"column":null}},"4":{"start":{"line":21,"column":2},"end":{"line":21,"column":null}},"5":{"start":{"line":26,"column":15},"end":{"line":26,"column":null}},"6":{"start":{"line":27,"column":14},"end":{"line":27,"column":null}},"7":{"start":{"line":28,"column":17},"end":{"line":28,"column":null}},"8":{"start":{"line":29,"column":20},"end":{"line":29,"column":null}},"9":{"start":{"line":30,"column":19},"end":{"line":30,"column":null}},"10":{"start":{"line":32,"column":2},"end":{"line":34,"column":null}},"11":{"start":{"line":33,"column":4},"end":{"line":33,"column":null}},"12":{"start":{"line":35,"column":2},"end":{"line":37,"column":null}},"13":{"start":{"line":36,"column":4},"end":{"line":36,"column":null}},"14":{"start":{"line":38,"column":2},"end":{"line":38,"column":null}},"15":{"start":{"line":43,"column":2},"end":{"line":45,"column":null}},"16":{"start":{"line":44,"column":4},"end":{"line":44,"column":null}},"17":{"start":{"line":46,"column":8},"end":{"line":46,"column":null}},"18":{"start":{"line":47,"column":2},"end":{"line":47,"column":null}},"19":{"start":{"line":52,"column":17},"end":{"line":52,"column":null}},"20":{"start":{"line":52,"column":48},"end":{"line":52,"column":65}},"21":{"start":{"line":54,"column":2},"end":{"line":56,"column":null}},"22":{"start":{"line":55,"column":4},"end":{"line":55,"column":null}},"23":{"start":{"line":58,"column":19},"end":{"line":58,"column":null}},"24":{"start":{"line":59,"column":8},"end":{"line":59,"column":null}},"25":{"start":{"line":61,"column":2},"end":{"line":119,"column":null}}},"fnMap":{"0":{"name":"formatDuration","decl":{"start":{"line":18,"column":9},"end":{"line":18,"column":24}},"loc":{"start":{"line":18,"column":49},"end":{"line":22,"column":null}},"line":18},"1":{"name":"formatDate","decl":{"start":{"line":25,"column":9},"end":{"line":25,"column":20}},"loc":{"start":{"line":25,"column":48},"end":{"line":39,"column":null}},"line":25},"2":{"name":"calculateKDA","decl":{"start":{"line":42,"column":9},"end":{"line":42,"column":22}},"loc":{"start":{"line":42,"column":78},"end":{"line":48,"column":null}},"line":42},"3":{"name":"MatchCard","decl":{"start":{"line":50,"column":16},"end":{"line":50,"column":26}},"loc":{"start":{"line":50,"column":60},"end":{"line":121,"column":null}},"line":50},"4":{"name":"(anonymous_4)","decl":{"start":{"line":52,"column":41},"end":{"line":52,"column":42}},"loc":{"start":{"line":52,"column":48},"end":{"line":52,"column":65}},"line":52}},"branchMap":{"0":{"loc":{"start":{"line":32,"column":2},"end":{"line":34,"column":null}},"type":"if","locations":[{"start":{"line":32,"column":2},"end":{"line":34,"column":null}},{"start":{},"end":{}}],"line":32},"1":{"loc":{"start":{"line":35,"column":2},"end":{"line":37,"column":null}},"type":"if","locations":[{"start":{"line":35,"column":2},"end":{"line":37,"column":null}},{"start":{},"end":{}}],"line":35},"2":{"loc":{"start":{"line":43,"column":2},"end":{"line":45,"column":null}},"type":"if","locations":[{"start":{"line":43,"column":2},"end":{"line":45,"column":null}},{"start":{},"end":{}}],"line":43},"3":{"loc":{"start":{"line":54,"column":2},"end":{"line":56,"column":null}},"type":"if","locations":[{"start":{"line":54,"column":2},"end":{"line":56,"column":null}},{"start":{},"end":{}}],"line":54},"4":{"loc":{"start":{"line":62,"column":31},"end":{"line":62,"column":107}},"type":"cond-expr","locations":[{"start":{"line":62,"column":44},"end":{"line":62,"column":78}},{"start":{"line":62,"column":78},"end":{"line":62,"column":107}}],"line":62},"5":{"loc":{"start":{"line":78,"column":28},"end":{"line":78,"column":null}},"type":"cond-expr","locations":[{"start":{"line":78,"column":41},"end":{"line":78,"column":53}},{"start":{"line":78,"column":53},"end":{"line":78,"column":null}}],"line":78},"6":{"loc":{"start":{"line":79,"column":15},"end":{"line":79,"column":null}},"type":"cond-expr","locations":[{"start":{"line":79,"column":28},"end":{"line":79,"column":40}},{"start":{"line":79,"column":40},"end":{"line":79,"column":null}}],"line":79},"7":{"loc":{"start":{"line":88,"column":13},"end":{"line":89,"column":null}},"type":"binary-expr","locations":[{"start":{"line":88,"column":13},"end":{"line":88,"column":null}},{"start":{"line":89,"column":14},"end":{"line":89,"column":null}}],"line":88}},"s":{"0":3,"1":3,"2":35,"3":35,"4":35,"5":35,"6":35,"7":35,"8":35,"9":35,"10":35,"11":5,"12":30,"13":5,"14":25,"15":35,"16":1,"17":34,"18":34,"19":44,"20":45,"21":44,"22":9,"23":35,"24":35,"25":35},"f":{"0":35,"1":35,"2":35,"3":44,"4":45},"b":{"0":[5,30],"1":[5,25],"2":[1,34],"3":[9,35],"4":[26,9],"5":[26,9],"6":[26,9],"7":[44,35]},"meta":{"lastBranch":8,"lastFunction":5,"lastStatement":26,"seen":{"s:14:24:14:Infinity":0,"s:15:26:15:Infinity":1,"f:18:9:18:24":0,"s:19:18:19:Infinity":2,"s:20:27:20:Infinity":3,"s:21:2:21:Infinity":4,"f:25:9:25:20":1,"s:26:15:26:Infinity":5,"s:27:14:27:Infinity":6,"s:28:17:28:Infinity":7,"s:29:20:29:Infinity":8,"s:30:19:30:Infinity":9,"b:32:2:34:Infinity:undefined:undefined:undefined:undefined":0,"s:32:2:34:Infinity":10,"s:33:4:33:Infinity":11,"b:35:2:37:Infinity:undefined:undefined:undefined:undefined":1,"s:35:2:37:Infinity":12,"s:36:4:36:Infinity":13,"s:38:2:38:Infinity":14,"f:42:9:42:22":2,"b:43:2:45:Infinity:undefined:undefined:undefined:undefined":2,"s:43:2:45:Infinity":15,"s:44:4:44:Infinity":16,"s:46:8:46:Infinity":17,"s:47:2:47:Infinity":18,"f:50:16:50:26":3,"s:52:17:52:Infinity":19,"f:52:41:52:42":4,"s:52:48:52:65":20,"b:54:2:56:Infinity:undefined:undefined:undefined:undefined":3,"s:54:2:56:Infinity":21,"s:55:4:55:Infinity":22,"s:58:19:58:Infinity":23,"s:59:8:59:Infinity":24,"s:61:2:119:Infinity":25,"b:62:44:62:78:62:78:62:107":4,"b:78:41:78:53:78:53:78:Infinity":5,"b:79:28:79:40:79:40:79:Infinity":6,"b:88:13:88:Infinity:89:14:89:Infinity":7}}}
,"/Users/nathannewyen/Desktop/projects/opgl/opgl-app-ui/src/components/MatchHistory.tsx": {"path":"/Users/nathannewyen/Desktop/projects/opgl/opgl-app-ui/src/components/MatchHistory.tsx","statementMap":{"0":{"start":{"line":15,"column":2},"end":{"line":25,"column":null}},"1":{"start":{"line":30,"column":2},"end":{"line":39,"column":null}},"2":{"start":{"line":31,"column":4},"end":{"line":37,"column":null}},"3":{"start":{"line":35,"column":10},"end":{"line":35,"column":null}},"4":{"start":{"line":41,"column":2},"end":{"line":47,"column":null}},"5":{"start":{"line":42,"column":4},"end":{"line":45,"column":null}},"6":{"start":{"line":49,"column":2},"end":{"line":57,"column":null}},"7":{"start":{"line":54,"column":10},"end":{"line":54,"column":null}}},"fnMap":{"0":{"name":"MatchSkeleton","decl":{"start":{"line":14,"column":9},"end":{"line":14,"column":25}},"loc":{"start":{"line":14,"column":25},"end":{"line":27,"column":null}},"line":14},"1":{"name":"MatchHistory","decl":{"start":{"line":29,"column":16},"end":{"line":29,"column":29}},"loc":{"start":{"line":29,"column":79},"end":{"line":59,"column":null}},"line":29},"2":{"name":"(anonymous_2)","decl":{"start":{"line":34,"column":27},"end":{"line":34,"column":28}},"loc":{"start":{"line":35,"column":10},"end":{"line":35,"column":null}},"line":35},"3":{"name":"(anonymous_3)","decl":{"start":{"line":53,"column":21},"end":{"line":53,"column":22}},"loc":{"start":{"line":54,"column":10},"end":{"line":54,"column":null}},"line":54}},"branchMap":{"0":{"loc":{"start":{"line":30,"column":2},"end":{"line":39,"column":null}},"type":"if","locations":[{"start":{"line":30,"column":2},"end":{"line":39,"column":null}},{"start":{},"end":{}}],"line":30},"1":{"loc":{"start":{"line":41,"column":2},"end":{"line":47,"column":null}},"type":"if","locations":[{"start":{"line":41,"column":2},"end":{"line":47,"column":null}},{"start":{},"end":{}}],"line":41}},"s":{"0":20,"1":15,"2":4,"3":20,"4":11,"5":2,"6":9,"7":25},"f":{"0":20,"1":15,"2":20,"3":25},"b":{"0":[4,11],"1":[2,9]},"meta":{"lastBranch":2,"lastFunction":4,"lastStatement":8,"seen":{"f:14:9:14:25":0,"s:15:2:25:Infinity":0,"f:29:16:29:29":1,"b:30:2:39:Infinity:undefined:undefined:undefined:undefined":0,"s:30:2:39:Infinity":1,"s:31:4:37:Infinity":2,"f:34:27:34:28":2,"s:35:10:35:Infinity":3,"b:41:2:47:Infinity:undefined:undefined:undefined:undefined":1,"s:41:2:47:Infinity":4,"s:42:4:45:Infinity":5,"s:49:2:57:Infinity":6,"f:53:21:53:22":3,"s:54:10:54:Infinity":7}}}
,"/Users/nathannewyen/Desktop/projects/opgl/opgl-app-ui/src/components/PlayerProfile.tsx": {"path":"/Users/nathannewyen/Desktop/projects/opgl/opgl-app-ui/src/components/PlayerProfile.tsx","statementMap":{"0":{"start":{"line":15,"column":24},"end":{"line":15,"column":null}},"1":{"start":{"line":16,"column":25},"end":{"line":16,"column":null}},"2":{"start":{"line":19,"column":2},"end":{"line":51,"column":null}}},"fnMap":{"0":{"name":"PlayerProfile","decl":{"start":{"line":18,"column":16},"end":{"line":18,"column":30}},"loc":{"start":{"line":18,"column":83},"end":{"line":53,"column":null}},"line":18}},"branchMap":{},"s":{"0":2,"1":2,"2":14},"f":{"0":14},"b":{},"meta":{"lastBranch":0,"lastFunction":1,"lastStatement":3,"seen":{"s:15:24:15:Infinity":0,"s:16:25:16:Infinity":1,"f:18:16:18:30":0,"s:19:2:51:Infinity":2}}}
,"/Users/nathannewyen/Desktop/projects/opgl/opgl-app-ui/src/components/PlayerSearch.tsx": {"path":"/Users/nathannewyen/Desktop/projects/opgl/opgl-app-ui/src/components/PlayerSearch.tsx","statementMap":{"0":{"start":{"line":22,"column":26},"end":{"line":22,"column":null}},"1":{"start":{"line":23,"column":30},"end":{"line":23,"column":null}},"2":{"start":{"line":24,"column":28},"end":{"line":24,"column":null}},"3":{"start":{"line":26,"column":23},"end":{"line":31,"column":null}},"4":{"start":{"line":27,"column":4},"end":{"line":27,"column":null}},"5":{"start":{"line":28,"column":4},"end":{"line":30,"column":null}},"6":{"start":{"line":29,"column":6},"end":{"line":29,"column":null}},"7":{"start":{"line":33,"column":2},"end":{"line":81,"column":null}},"8":{"start":{"line":37,"column":57},"end":{"line":37,"column":null}},"9":{"start":{"line":43,"column":14},"end":{"line":45,"column":null}},"10":{"start":{"line":55,"column":27},"end":{"line":55,"column":null}},"11":{"start":{"line":66,"column":29},"end":{"line":66,"column":null}}},"fnMap":{"0":{"name":"PlayerSearch","decl":{"start":{"line":21,"column":16},"end":{"line":21,"column":29}},"loc":{"start":{"line":21,"column":73},"end":{"line":83,"column":null}},"line":21},"1":{"name":"(anonymous_1)","decl":{"start":{"line":26,"column":23},"end":{"line":26,"column":24}},"loc":{"start":{"line":26,"column":47},"end":{"line":31,"column":null}},"line":26},"2":{"name":"(anonymous_2)","decl":{"start":{"line":37,"column":46},"end":{"line":37,"column":47}},"loc":{"start":{"line":37,"column":57},"end":{"line":37,"column":null}},"line":37},"3":{"name":"(anonymous_3)","decl":{"start":{"line":42,"column":25},"end":{"line":42,"column":26}},"loc":{"start":{"line":43,"column":14},"end":{"line":45,"column":null}},"line":43},"4":{"name":"(anonymous_4)","decl":{"start":{"line":55,"column":20},"end":{"line":55,"column":21}},"loc":{"start":{"line":55,"column":27},"end":{"line":55,"column":null}},"line":55},"5":{"name":"(anonymous_5)","decl":{"start":{"line":66,"column":22},"end":{"line":66,"column":23}},"loc":{"start":{"line":66,"column":29},"end":{"line":66,"column":null}},"line":66}},"branchMap":{"0":{"loc":{"start":{"line":28,"column":4},"end":{"line":30,"column":null}},"type":"if","locations":[{"start":{"line":28,"column":4},"end":{"line":30,"column":null}},{"start":{},"end":{}}],"line":28},"1":{"loc":{"start":{"line":28,"column":8},"end":{"line":28,"column":43}},"type":"binary-expr","locations":[{"start":{"line":28,"column":8},"end":{"line":28,"column":27}},{"start":{"line":28,"column":27},"end":{"line":28,"column":43}}],"line":28},"2":{"loc":{"start":{"line":72,"column":40},"end":{"line":72,"column":null}},"type":"binary-expr","locations":[{"start":{"line":72,"column":40},"end":{"line":72,"column":53}},{"start":{"line":72,"column":53},"end":{"line":72,"column":66}},{"start":{"line":72,"column":66},"end":{"line":72,"column":null}}],"line":72},"3":{"loc":{"start":{"line":73,"column":11},"end":{"line":76,"column":null}},"type":"cond-expr","locations":[{"start":{"line":74,"column":12},"end":{"line":74,"column":null}},{"start":{"line":76,"column":12},"end":{"line":76,"column":null}}],"line":73}},"s":{"0":229,"1":229,"2":229,"3":229,"4":11,"5":11,"6":11,"7":229,"8":0,"9":2519,"10":139,"11":47},"f":{"0":229,"1":11,"2":0,"3":2519,"4":139,"5":47},"b":{"0":[11,0],"1":[11,11],"2":[229,205,176],"3":[24,205]},"meta":{"lastBranch":4,"lastFunction":6,"lastStatement":12,"seen":{"f:21:16:21:29":0,"s:22:26:22:Infinity":0,"s:23:30:23:Infinity":1,"s:24:28:24:Infinity":2,"s:26:23:31:Infinity":3,"f:26:23:26:24":1,"s:27:4:27:Infinity":4,"b:28:4:30:Infinity:undefined:undefined:undefined:undefined":0,"s:28:4:30:Infinity":5,"b:28:8:28:27:28:27:28:43":1,"s:29:6:29:Infinity":6,"s:33:2:81:Infinity":7,"f:37:46:37:47":2,"s:37:57:37:Infinity":8,"f:42:25:42:26":3,"s:43:14:45:Infinity":9,"f:55:20:55:21":4,"s:55:27:55:Infinity":10,"f:66:22:66:23":5,"s:66:29:66:Infinity":11,"b:72:40:72:53:72:53:72:66:72:66:72:Infinity":2,"b:74:12:74:Infinity:76:12:76:Infinity":3}}}
,"/Users/nathannewyen/Desktop/projects/opgl/opgl-app-ui/src/components/ui/avatar.tsx": {"path":"/Users/nathannewyen/Desktop/projects/opgl/opgl-app-ui/src/components/ui/avatar.tsx","statementMap":{"0":{"start":{"line":10,"column":2},"end":{"line":18,"column":null}},"1":{"start":{"line":26,"column":2},"end":{"line":31,"column":null}},"2":{"start":{"line":39,"column":2},"end":{"line":47,"column":null}}},"fnMap":{"0":{"name":"Avatar","decl":{"start":{"line":6,"column":9},"end":{"line":6,"column":16}},"loc":{"start":{"line":9,"column":54},"end":{"line":20,"column":null}},"line":9},"1":{"name":"AvatarImage","decl":{"start":{"line":22,"column":9},"end":{"line":22,"column":21}},"loc":{"start":{"line":25,"column":55},"end":{"line":33,"column":null}},"line":25},"2":{"name":"AvatarFallback","decl":{"start":{"line":35,"column":9},"end":{"line":35,"column":24}},"loc":{"start":{"line":38,"column":58},"end":{"line":49,"column":null}},"line":38}},"branchMap":{},"s":{"0":49,"1":49,"2":49},"f":{"0":49,"1":49,"2":49},"b":{},"meta":{"lastBranch":0,"lastFunction":3,"lastStatement":3,"seen":{"f:6:9:6:16":0,"s:10:2:18:Infinity":0,"f:22:9:22:21":1,"s:26:2:31:Infinity":1,"f:35:9:35:24":2,"s:39:2:47:Infinity":2}}}
,"/Users/nathannewyen/Desktop/projects/opgl/opgl-app-ui/src/components/ui/badge.tsx": {"path":"/Users/nathannewyen/Desktop/projects/opgl/opgl-app-ui/src/components/ui/badge.tsx","statementMap":{"0":{"start":{"line":7,"column":6},"end":{"line":26,"column":null}},"1":{"start":{"line":35,"column":15},"end":{"line":35,"column":null}},"2":{"start":{"line":37,"column":2},"end":{"line":42,"column":null}}},"fnMap":{"0":{"name":"Badge","decl":{"start":{"line":28,"column":9},"end":{"line":28,"column":15}},"loc":{"start":{"line":34,"column":62},"end":{"line":44,"column":null}},"line":34}},"branchMap":{"0":{"loc":{"start":{"line":31,"column":2},"end":{"line":31,"column":null}},"type":"default-arg","locations":[{"start":{"line":31,"column":12},"end":{"line":31,"column":null}}],"line":31},"1":{"loc":{"start":{"line":35,"column":15},"end":{"line":35,"column":null}},"type":"cond-expr","locations":[{"start":{"line":35,"column":25},"end":{"line":35,"column":32}},{"start":{"line":35,"column":32},"end":{"line":35,"column":null}}],"line":35}},"s":{"0":4,"1":49,"2":49},"f":{"0":49},"b":{"0":[49],"1":[0,49]},"meta":{"lastBranch":2,"lastFunction":1,"lastStatement":3,"seen":{"s:7:6:26:Infinity":0,"f:28:9:28:15":0,"b:31:12:31:Infinity":0,"s:35:15:35:Infinity":1,"b:35:25:35:32:35:32:35:Infinity":1,"s:37:2:42:Infinity":2}}}
,"/Users/nathannewyen/Desktop/projects/opgl/opgl-app-ui/src/components/ui/button.tsx": {"path":"/Users/nathannewyen/Desktop/projects/opgl/opgl-app-ui/src/components/ui/button.tsx","statementMap":{"0":{"start":{"line":7,"column":6},"end":{"line":37,"column":null}},"1":{"start":{"line":49,"column":15},"end":{"line":49,"column":null}},"2":{"start":{"line":51,"column":2},"end":{"line":56,"column":null}}},"fnMap":{"0":{"name":"Button","decl":{"start":{"line":39,"column":9},"end":{"line":39,"column":16}},"loc":{"start":{"line":48,"column":5},"end":{"line":58,"column":null}},"line":48}},"branchMap":{"0":{"loc":{"start":{"line":43,"column":2},"end":{"line":43,"column":null}},"type":"default-arg","locations":[{"start":{"line":43,"column":12},"end":{"line":43,"column":null}}],"line":43},"1":{"loc":{"start":{"line":49,"column":15},"end":{"line":49,"column":null}},"type":"cond-expr","locations":[{"start":{"line":49,"column":25},"end":{"line":49,"column":32}},{"start":{"line":49,"column":32},"end":{"line":49,"column":null}}],"line":49}},"s":{"0":2,"1":229,"2":229},"f":{"0":229},"b":{"0":[229],"1":[0,229]},"meta":{"lastBranch":2,"lastFunction":1,"lastStatement":3,"seen":{"s:7:6:37:Infinity":0,"f:39:9:39:16":0,"b:43:12:43:Infinity":0,"s:49:15:49:Infinity":1,"b:49:25:49:32:49:32:49:Infinity":1,"s:51:2:56:Infinity":2}}}
,"/Users/nathannewyen/Desktop/projects/opgl/opgl-app-ui/src/components/ui/card.tsx": {"path":"/Users/nathannewyen/Desktop/projects/opgl/opgl-app-ui/src/components/ui/card.tsx","statementMap":{"0":{"start":{"line":6,"column":2},"end":{"line":14,"column":null}},"1":{"start":{"line":19,"column":2},"end":{"line":27,"column":null}},"2":{"start":{"line":32,"column":2},"end":{"line":37,"column":null}},"3":{"start":{"line":42,"column":2},"end":{"line":47,"column":null}},"4":{"start":{"line":52,"column":2},"end":{"line":60,"column":null}},"5":{"start":{"line":65,"column":2},"end":{"line":70,"column":null}},"6":{"start":{"line":75,"column":2},"end":{"line":80,"column":null}}},"fnMap":{"0":{"name":"Card","decl":{"start":{"line":5,"column":9},"end":{"line":5,"column":14}},"loc":{"start":{"line":5,"column":68},"end":{"line":16,"column":null}},"line":5},"1":{"name":"CardHeader","decl":{"start":{"line":18,"column":9},"end":{"line":18,"column":20}},"loc":{"start":{"line":18,"column":74},"end":{"line":29,"column":null}},"line":18},"2":{"name":"CardTitle","decl":{"start":{"line":31,"column":9},"end":{"line":31,"column":19}},"loc":{"start":{"line":31,"column":73},"end":{"line":39,"column":null}},"line":31},"3":{"name":"CardDescription","decl":{"start":{"line":41,"column":9},"end":{"line":41,"column":25}},"loc":{"start":{"line":41,"column":79},"end":{"line":49,"column":null}},"line":41},"4":{"name":"CardAction","decl":{"start":{"line":51,"column":9},"end":{"line":51,"column":20}},"loc":{"start":{"line":51,"column":74},"end":{"line":62,"column":null}},"line":51},"5":{"name":"CardContent","decl":{"start":{"line":64,"column":9},"end":{"line":64,"column":21}},"loc":{"start":{"line":64,"column":75},"end":{"line":72,"column":null}},"line":64},"6":{"name":"CardFooter","decl":{"start":{"line":74,"column":9},"end":{"line":74,"column":20}},"loc":{"start":{"line":74,"column":74},"end":{"line":82,"column":null}},"line":74}},"branchMap":{},"s":{"0":49,"1":0,"2":0,"3":0,"4":0,"5":49,"6":0},"f":{"0":49,"1":0,"2":0,"3":0,"4":0,"5":49,"6":0},"b":{},"meta":{"lastBranch":0,"lastFunction":7,"lastStatement":7,"seen":{"f:5:9:5:14":0,"s:6:2:14:Infinity":0,"f:18:9:18:20":1,"s:19:2:27:Infinity":1,"f:31:9:31:19":2,"s:32:2:37:Infinity":2,"f:41:9:41:25":3,"s:42:2:47:Infinity":3,"f:51:9:51:20":4,"s:52:2:60:Infinity":4,"f:64:9:64:21":5,"s:65:2:70:Infinity":5,"f:74:9:74:20":6,"s:75:2:80:Infinity":6}}}
,"/Users/nathannewyen/Desktop/projects/opgl/opgl-app-ui/src/components/ui/input.tsx": {"path":"/Users/nathannewyen/Desktop/projects/opgl/opgl-app-ui/src/components/ui/input.tsx","statementMap":{"0":{"start":{"line":6,"column":2},"end":{"line":17,"column":null}}},"fnMap":{"0":{"name":"Input","decl":{"start":{"line":5,"column":9},"end":{"line":5,"column":15}},"loc":{"start":{"line":5,"column":77},"end":{"line":19,"column":null}},"line":5}},"branchMap":{},"s":{"0":458},"f":{"0":458},"b":{},"meta":{"lastBranch":0,"lastFunction":1,"lastStatement":1,"seen":{"f:5:9:5:15":0,"s:6:2:17:Infinity":0}}}
,"/Users/nathannewyen/Desktop/projects/opgl/opgl-app-ui/src/components/ui/select.tsx": {"path":"/Users/nathannewyen/Desktop/projects/opgl/opgl-app-ui/src/components/ui/select.tsx","statementMap":{"0":{"start":{"line":12,"column":2},"end":{"line":12,"column":null}},"1":{"start":{"line":18,"column":2},"end":{"line":18,"column":null}},"2":{"start":{"line":24,"column":2},"end":{"line":24,"column":null}},"3":{"start":{"line":35,"column":2},"end":{"line":49,"column":null}},"4":{"start":{"line":60,"column":2},"end":{"line":86,"column":null}},"5":{"start":{"line":94,"column":2},"end":{"line":99,"column":null}},"6":{"start":{"line":108,"column":2},"end":{"line":123,"column":null}},"7":{"start":{"line":131,"column":2},"end":{"line":136,"column":null}},"8":{"start":{"line":144,"column":2},"end":{"line":154,"column":null}},"9":{"start":{"line":162,"column":2},"end":{"line":172,"column":null}}},"fnMap":{"0":{"name":"Select","decl":{"start":{"line":9,"column":9},"end":{"line":9,"column":16}},"loc":{"start":{"line":11,"column":54},"end":{"line":13,"column":null}},"line":11},"1":{"name":"SelectGroup","decl":{"start":{"line":15,"column":9},"end":{"line":15,"column":21}},"loc":{"start":{"line":17,"column":55},"end":{"line":19,"column":null}},"line":17},"2":{"name":"SelectValue","decl":{"start":{"line":21,"column":9},"end":{"line":21,"column":21}},"loc":{"start":{"line":23,"column":55},"end":{"line":25,"column":null}},"line":23},"3":{"name":"SelectTrigger","decl":{"start":{"line":27,"column":9},"end":{"line":27,"column":23}},"loc":{"start":{"line":34,"column":3},"end":{"line":51,"column":null}},"line":34},"4":{"name":"SelectContent","decl":{"start":{"line":53,"column":9},"end":{"line":53,"column":23}},"loc":{"start":{"line":59,"column":57},"end":{"line":88,"column":null}},"line":59},"5":{"name":"SelectLabel","decl":{"start":{"line":90,"column":9},"end":{"line":90,"column":21}},"loc":{"start":{"line":93,"column":55},"end":{"line":101,"column":null}},"line":93},"6":{"name":"SelectItem","decl":{"start":{"line":103,"column":9},"end":{"line":103,"column":20}},"loc":{"start":{"line":107,"column":54},"end":{"line":125,"column":null}},"line":107},"7":{"name":"SelectSeparator","decl":{"start":{"line":127,"column":9},"end":{"line":127,"column":25}},"loc":{"start":{"line":130,"column":59},"end":{"line":138,"column":null}},"line":130},"8":{"name":"SelectScrollUpButton","decl":{"start":{"line":140,"column":9},"end":{"line":140,"column":30}},"loc":{"start":{"line":143,"column":64},"end":{"line":156,"column":null}},"line":143},"9":{"name":"SelectScrollDownButton","decl":{"start":{"line":158,"column":9},"end":{"line":158,"column":32}},"loc":{"start":{"line":161,"column":66},"end":{"line":174,"column":null}},"line":161}},"branchMap":{"0":{"loc":{"start":{"line":29,"column":2},"end":{"line":29,"column":null}},"type":"default-arg","locations":[{"start":{"line":29,"column":9},"end":{"line":29,"column":null}}],"line":29},"1":{"loc":{"start":{"line":56,"column":2},"end":{"line":56,"column":null}},"type":"default-arg","locations":[{"start":{"line":56,"column":13},"end":{"line":56,"column":null}}],"line":56},"2":{"loc":{"start":{"line":57,"column":2},"end":{"line":57,"column":null}},"type":"default-arg","locations":[{"start":{"line":57,"column":10},"end":{"line":57,"column":null}}],"line":57},"3":{"loc":{"start":{"line":66,"column":10},"end":{"line":67,"column":null}},"type":"binary-expr","locations":[{"start":{"line":66,"column":10},"end":{"line":66,"column":null}},{"start":{"line":67,"column":12},"end":{"line":67,"column":null}}],"line":66},"4":{"loc":{"start":{"line":78,"column":12},"end":{"line":79,"column":null}},"type":"binary-expr","locations":[{"start":{"line":78,"column":12},"end":{"line":78,"column":null}},{"start":{"line":79,"column":14},"end":{"line":79,"column":null}}],"line":78}},"s":{"0":229,"1":0,"2":229,"3":229,"4":229,"5":0,"6":2519,"7":0,"8":229,"9":229},"f":{"0":229,"1":0,"2":229,"3":229,"4":229,"5":0,"6":2519,"7":0,"8":229,"9":229},"b":{"0":[229],"1":[229],"2":[229],"3":[229,229],"4":[229,229]},"meta":{"lastBranch":5,"lastFunction":10,"lastStatement":10,"seen":{"f:9:9:9:16":0,"s:12:2:12:Infinity":0,"f:15:9:15:21":1,"s:18:2:18:Infinity":1,"f:21:9:21:21":2,"s:24:2:24:Infinity":2,"f:27:9:27:23":3,"b:29:9:29:Infinity":0,"s:35:2:49:Infinity":3,"f:53:9:53:23":4,"b:56:13:56:Infinity":1,"b:57:10:57:Infinity":2,"s:60:2:86:Infinity":4,"b:66:10:66:Infinity:67:12:67:Infinity":3,"b:78:12:78:Infinity:79:14:79:Infinity":4,"f:90:9:90:21":5,"s:94:2:99:Infinity":5,"f:103:9:103:20":6,"s:108:2:123:Infinity":6,"f:127:9:127:25":7,"s:131:2:136:Infinity":7,"f:140:9:140:30":8,"s:144:2:154:Infinity":8,"f:158:9:158:32":9,"s:162:2:172:Infinity":9}}}
,"/Users/nathannewyen/Desktop/projects/opgl/opgl-app-ui/src/components/ui/skeleton.tsx": {"path":"/Users/nathannewyen/Desktop/projects/opgl/opgl-app-ui/src/components/ui/skeleton.tsx","statementMap":{"0":{"start":{"line":4,"column":2},"end":{"line":9,"column":null}}},"fnMap":{"0":{"name":"Skeleton","decl":{"start":{"line":3,"column":9},"end":{"line":3,"column":18}},"loc":{"start":{"line":3,"column":72},"end":{"line":11,"column":null}},"line":3}},"branchMap":{},"s":{"0":120},"f":{"0":120},"b":{},"meta":{"lastBranch":0,"lastFunction":1,"lastStatement":1,"seen":{"f:3:9:3:18":0,"s:4:2:9:Infinity":0}}}
,"/Users/nathannewyen/Desktop/projects/opgl/opgl-app-ui/src/lib/utils.ts": {"path":"/Users/nathannewyen/Desktop/projects/opgl/opgl-app-ui/src/lib/utils.ts","statementMap":{"0":{"start":{"line":5,"column":2},"end":{"line":5,"column":null}}},"fnMap":{"0":{"name":"cn","decl":{"start":{"line":4,"column":16},"end":{"line":4,"column":22}},"loc":{"start":{"line":4,"column":44},"end":{"line":6,"column":null}},"line":4}},"branchMap":{},"s":{"0":4765},"f":{"0":4765},"b":{},"meta":{"lastBranch":0,"lastFunction":1,"lastStatement":1,"seen":{"f:4:16:4:22":0,"s:5:2:5:Infinity":0}}}
,"/Users/nathannewyen/Desktop/projects/opgl/opgl-app-ui/src/services/api.ts": {"path":"/Users/nathannewyen/Desktop/projects/opgl/opgl-app-ui/src/services/api.ts","statementMap":{"0":{"start":{"line":6,"column":21},"end":{"line":6,"column":null}},"1":{"start":{"line":10,"column":19},"end":{"line":16,"column":null}},"2":{"start":{"line":18,"column":2},"end":{"line":21,"column":null}},"3":{"start":{"line":19,"column":22},"end":{"line":19,"column":null}},"4":{"start":{"line":20,"column":4},"end":{"line":20,"column":null}},"5":{"start":{"line":23,"column":2},"end":{"line":23,"column":null}},"6":{"start":{"line":28,"column":2},"end":{"line":28,"column":null}},"7":{"start":{"line":33,"column":22},"end":{"line":39,"column":null}},"8":{"start":{"line":41,"column":2},"end":{"line":41,"column":null}},"9":{"start":{"line":46,"column":2},"end":{"line":53,"column":null}},"10":{"start":{"line":47,"column":21},"end":{"line":49,"column":null}},"11":{"start":{"line":50,"column":4},"end":{"line":50,"column":null}},"12":{"start":{"line":52,"column":4},"end":{"line":52,"column":null}}},"fnMap":{"0":{"name":"fetchApi","decl":{"start":{"line":9,"column":15},"end":{"line":9,"column":27}},"loc":{"start":{"line":9,"column":71},"end":{"line":24,"column":null}},"line":9},"1":{"name":"getSummoner","decl":{"start":{"line":27,"column":22},"end":{"line":27,"column":34}},"loc":{"start":{"line":27,"column":79},"end":{"line":29,"column":null}},"line":27},"2":{"name":"getMatchHistory","decl":{"start":{"line":32,"column":22},"end":{"line":32,"column":38}},"loc":{"start":{"line":32,"column":81},"end":{"line":42,"column":null}},"line":32},"3":{"name":"checkHealth","decl":{"start":{"line":45,"column":22},"end":{"line":45,"column":54}},"loc":{"start":{"line":45,"column":54},"end":{"line":54,"column":null}},"line":45}},"branchMap":{"0":{"loc":{"start":{"line":18,"column":2},"end":{"line":21,"column":null}},"type":"if","locations":[{"start":{"line":18,"column":2},"end":{"line":21,"column":null}},{"start":{},"end":{}}],"line":18},"1":{"loc":{"start":{"line":20,"column":20},"end":{"line":20,"column":64}},"type":"binary-expr","locations":[{"start":{"line":20,"column":20},"end":{"line":20,"column":33}},{"start":{"line":20,"column":33},"end":{"line":20,"column":64}}],"line":20},"2":{"loc":{"start":{"line":38,"column":11},"end":{"line":38,"column":null}},"type":"binary-expr","locations":[{"start":{"line":38,"column":11},"end":{"line":38,"column":28}},{"start":{"line":38,"column":28},"end":{"line":38,"column":null}}],"line":38}},"s":{"0":1,"1":7,"2":7,"3":3,"4":3,"5":4,"6":3,"7":4,"8":4,"9":3,"10":3,"11":2,"12":1},"f":{"0":7,"1":3,"2":4,"3":3},"b":{"0":[3,4],"1":[3,1],"2":[4,2]},"meta":{"lastBranch":3,"lastFunction":4,"lastStatement":13,"seen":{"s:6:21:6:Infinity":0,"f:9:15:9:27":0,"s:10:19:16:Infinity":1,"b:18:2:21:Infinity:undefined:undefined:undefined:undefined":0,"s:18:2:21:Infinity":2,"s:19:22:19:Infinity":3,"s:20:4:20:Infinity":4,"b:20:20:20:33:20:33:20:64":1,"s:23:2:23:Infinity":5,"f:27:22:27:34":1,"s:28:2:28:Infinity":6,"f:32:22:32:38":2,"s:33:22:39:Infinity":7,"b:38:11:38:28:38:28:38:Infinity":2,"s:41:2:41:Infinity":8,"f:45:22:45:54":3,"s:46:2:53:Infinity":9,"s:47:21:49:Infinity":10,"s:50:4:50:Infinity":11,"s:52:4:52:Infinity":12}}}
,"/Users/nathannewyen/Desktop/projects/opgl/opgl-app-ui/src/types/index.ts": {"path":"/Users/nathannewyen/Desktop/projects/opgl/opgl-app-ui/src/types/index.ts","statementMap":{"0":{"start":{"line":63,"column":23},"end":{"line":75,"column":null}}},"fnMap":{},"branchMap":{},"s":{"0":2},"f":{},"b":{},"meta":{"lastBranch":0,"lastFunction":0,"lastStatement":1,"seen":{"s:63:23:75:Infinity":0}}}
}
